Running "module reset". Resetting modules to system default. The following $MODULEPATH directories have been removed: None

Currently Loaded Modules:
  1) gcc/11.4.0      3) cuda/11.8.0         5) slurm-env/0.1
  2) openmpi/4.1.6   4) cue-login-env/1.0   6) default-s11

 

job is starting on gpua048.delta.ncsa.illinois.edu
A conda environment has been detected CONDA_PREFIX=
/u/cduplessie/.conda/envs/gymrl 
anaconda3_gpu is loaded. Consider running conda deactivate and reloading it.
no change     /sw/external/python/anaconda3/condabin/conda
no change     /sw/external/python/anaconda3/bin/conda
no change     /sw/external/python/anaconda3/bin/conda-env
no change     /sw/external/python/anaconda3/bin/activate
no change     /sw/external/python/anaconda3/bin/deactivate
no change     /sw/external/python/anaconda3/etc/profile.d/conda.sh
no change     /sw/external/python/anaconda3/etc/fish/conf.d/conda.fish
no change     /sw/external/python/anaconda3/shell/condabin/Conda.psm1
no change     /sw/external/python/anaconda3/shell/condabin/conda-hook.ps1
no change     /sw/external/python/anaconda3/lib/python3.9/site-packages/xontrib/conda.xsh
no change     /sw/external/python/anaconda3/etc/profile.d/conda.csh
no change     /u/cduplessie/.bashrc
No action taken.
usage: conda [-h] [-v] [--no-plugins] [-V] COMMAND ...
conda: error: argument COMMAND: invalid choice: 'activate' (choose from 'clean', 'compare', 'config', 'create', 'info', 'init', 'install', 'list', 'notices', 'package', 'remove', 'uninstall', 'rename', 'run', 'search', 'update', 'upgrade', 'build', 'content-trust', 'convert', 'debug', 'develop', 'doctor', 'index', 'inspect', 'metapackage', 'render', 'repoquery', 'skeleton', 'server', 'token', 'verify', 'repo', 'env')
Package                   Version
------------------------- -----------
accelerate                0.22.0
aiohttp                   3.9.3
aiosignal                 1.3.1
appdirs                   1.4.4
async-timeout             4.0.3
attrs                     23.2.0
certifi                   2024.2.2
charset-normalizer        3.3.2
click                     8.1.7
contourpy                 1.2.1
cycler                    0.12.1
datasets                  2.14.7
dill                      0.3.7
docker-pycreds            0.4.0
einops                    0.7.0
filelock                  3.13.4
fonttools                 4.51.0
frozenlist                1.4.1
fsspec                    2023.10.0
gitdb                     4.0.11
GitPython                 3.1.43
huggingface-hub           0.22.2
idna                      3.7
Jinja2                    3.1.3
jsonschema                4.21.1
jsonschema-specifications 2023.12.1
kiwisolver                1.4.5
MarkupSafe                2.1.5
matplotlib                3.8.4
mpi4py                    3.1.4
mpmath                    1.3.0
msgpack                   1.0.8
multidict                 6.0.5
multiprocess              0.70.15
networkx                  3.3
numpy                     1.24.4
nvidia-cublas-cu12        12.1.3.1
nvidia-cuda-cupti-cu12    12.1.105
nvidia-cuda-nvrtc-cu12    12.1.105
nvidia-cuda-runtime-cu12  12.1.105
nvidia-cudnn-cu12         8.9.2.26
nvidia-cufft-cu12         11.0.2.54
nvidia-curand-cu12        10.3.2.106
nvidia-cusolver-cu12      11.4.5.107
nvidia-cusparse-cu12      12.1.0.106
nvidia-nccl-cu12          2.18.1
nvidia-nvjitlink-cu12     12.4.127
nvidia-nvtx-cu12          12.1.105
packaging                 24.0
pandas                    2.1.4
pathtools                 0.1.2
pillow                    10.3.0
pip                       23.0.1
plotly                    5.17.0
protobuf                  4.25.3
psutil                    5.9.8
pyarrow                   15.0.2
pyarrow-hotfix            0.6
pyparsing                 3.1.2
python-dateutil           2.9.0.post0
pytz                      2024.1
PyYAML                    6.0.1
ray                       2.7.2
referencing               0.34.0
regex                     2023.12.25
requests                  2.31.0
rpds-py                   0.18.0
sentry-sdk                1.45.0
setproctitle              1.3.3
setuptools                65.5.0
six                       1.16.0
smmap                     5.0.1
sympy                     1.12
tenacity                  8.2.3
tokenizers                0.13.3
torch                     2.1.2
tqdm                      4.66.2
transformers              4.28.1
triton                    2.1.0
typing_extensions         4.11.0
tzdata                    2024.1
urllib3                   2.2.1
wandb                     0.14.2
xxhash                    3.4.1
yarl                      1.9.4

[notice] A new release of pip is available: 23.0.1 -> 24.2
[notice] To update, run: pip install --upgrade pip
A.L.E: Arcade Learning Environment (version 0.8.1+53f58b7)
[Powered by Stella]
srun: Job step aborted: Waiting up to 32 seconds for job step to finish.
slurmstepd: error: *** STEP 4657911.0 ON gpua048 CANCELLED AT 2024-08-27T13:12:39 ***
slurmstepd: error: *** JOB 4657911 ON gpua048 CANCELLED AT 2024-08-27T13:12:39 ***
