Running "module reset". Resetting modules to system default. The following $MODULEPATH directories have been removed: None

Currently Loaded Modules:
  1) gcc/11.4.0      3) cuda/11.8.0         5) slurm-env/0.1
  2) openmpi/4.1.6   4) cue-login-env/1.0   6) default-s11

 

job is starting on gpua053.delta.ncsa.illinois.edu
A conda environment has been detected CONDA_PREFIX=
/u/cduplessie/.conda/envs/gymrl 
anaconda3_gpu is loaded. Consider running conda deactivate and reloading it.
no change     /sw/external/python/anaconda3/condabin/conda
no change     /sw/external/python/anaconda3/bin/conda
no change     /sw/external/python/anaconda3/bin/conda-env
no change     /sw/external/python/anaconda3/bin/activate
no change     /sw/external/python/anaconda3/bin/deactivate
no change     /sw/external/python/anaconda3/etc/profile.d/conda.sh
no change     /sw/external/python/anaconda3/etc/fish/conf.d/conda.fish
no change     /sw/external/python/anaconda3/shell/condabin/Conda.psm1
no change     /sw/external/python/anaconda3/shell/condabin/conda-hook.ps1
no change     /sw/external/python/anaconda3/lib/python3.9/site-packages/xontrib/conda.xsh
no change     /sw/external/python/anaconda3/etc/profile.d/conda.csh
no change     /u/cduplessie/.bashrc
No action taken.
usage: conda [-h] [-v] [--no-plugins] [-V] COMMAND ...
conda: error: argument COMMAND: invalid choice: 'activate' (choose from 'clean', 'compare', 'config', 'create', 'info', 'init', 'install', 'list', 'notices', 'package', 'remove', 'uninstall', 'rename', 'run', 'search', 'update', 'upgrade', 'build', 'content-trust', 'convert', 'debug', 'develop', 'doctor', 'index', 'inspect', 'metapackage', 'render', 'repoquery', 'skeleton', 'server', 'token', 'repo', 'verify', 'env')
Package                   Version
------------------------- -----------
accelerate                0.22.0
aiohttp                   3.9.3
aiosignal                 1.3.1
appdirs                   1.4.4
async-timeout             4.0.3
attrs                     23.2.0
certifi                   2024.2.2
charset-normalizer        3.3.2
click                     8.1.7
contourpy                 1.2.1
cycler                    0.12.1
datasets                  2.14.7
dill                      0.3.7
docker-pycreds            0.4.0
einops                    0.7.0
filelock                  3.13.4
fonttools                 4.51.0
frozenlist                1.4.1
fsspec                    2023.10.0
gitdb                     4.0.11
GitPython                 3.1.43
huggingface-hub           0.22.2
idna                      3.7
Jinja2                    3.1.3
jsonschema                4.21.1
jsonschema-specifications 2023.12.1
kiwisolver                1.4.5
MarkupSafe                2.1.5
matplotlib                3.8.4
mpi4py                    3.1.4
mpmath                    1.3.0
msgpack                   1.0.8
multidict                 6.0.5
multiprocess              0.70.15
networkx                  3.3
numpy                     1.24.4
nvidia-cublas-cu12        12.1.3.1
nvidia-cuda-cupti-cu12    12.1.105
nvidia-cuda-nvrtc-cu12    12.1.105
nvidia-cuda-runtime-cu12  12.1.105
nvidia-cudnn-cu12         8.9.2.26
nvidia-cufft-cu12         11.0.2.54
nvidia-curand-cu12        10.3.2.106
nvidia-cusolver-cu12      11.4.5.107
nvidia-cusparse-cu12      12.1.0.106
nvidia-nccl-cu12          2.18.1
nvidia-nvjitlink-cu12     12.4.127
nvidia-nvtx-cu12          12.1.105
packaging                 24.0
pandas                    2.1.4
pathtools                 0.1.2
pillow                    10.3.0
pip                       23.0.1
plotly                    5.17.0
protobuf                  4.25.3
psutil                    5.9.8
pyarrow                   15.0.2
pyarrow-hotfix            0.6
pyparsing                 3.1.2
python-dateutil           2.9.0.post0
pytz                      2024.1
PyYAML                    6.0.1
ray                       2.7.2
referencing               0.34.0
regex                     2023.12.25
requests                  2.31.0
rpds-py                   0.18.0
sentry-sdk                1.45.0
setproctitle              1.3.3
setuptools                65.5.0
six                       1.16.0
smmap                     5.0.1
sympy                     1.12
tenacity                  8.2.3
tokenizers                0.13.3
torch                     2.1.2
tqdm                      4.66.2
transformers              4.28.1
triton                    2.1.0
typing_extensions         4.11.0
tzdata                    2024.1
urllib3                   2.2.1
wandb                     0.14.2
xxhash                    3.4.1
yarl                      1.9.4

[notice] A new release of pip is available: 23.0.1 -> 24.0
[notice] To update, run: pip install --upgrade pip
n_episode :20, score : -11.7
n_episode :40, score : 19.9
n_episode :60, score : 18.4
n_episode :80, score : 18.2
Completed batch 0 with loss 2.5104339122772217.
n_episode :100, score : 31.1
n_episode :120, score : 43.0
n_episode :140, score : 18.0
n_episode :160, score : 43.1
n_episode :180, score : 18.9
Completed batch 1 with loss 4.411179542541504.
n_episode :200, score : 29.4
n_episode :220, score : -7.6
n_episode :240, score : 45.5
n_episode :260, score : 30.9
n_episode :280, score : 45.6
Completed batch 2 with loss 0.4033949077129364.
n_episode :300, score : 7.3
n_episode :320, score : -2.8
n_episode :340, score : 78.6
n_episode :360, score : 17.9
n_episode :380, score : 19.4
Completed batch 3 with loss 0.8916431069374084.
n_episode :400, score : 31.8
n_episode :420, score : -5.1
n_episode :440, score : 43.0
n_episode :460, score : 4.4
n_episode :480, score : 44.3
Completed batch 4 with loss 1.1650086641311646.
n_episode :500, score : 44.6
n_episode :520, score : 89.8
n_episode :540, score : 42.6
n_episode :560, score : 67.5
n_episode :580, score : 7.5
n_episode :600, score : 65.3
Completed batch 5 with loss 1.204756259918213.
n_episode :620, score : 45.6
n_episode :640, score : 52.9
n_episode :660, score : 27.6
n_episode :680, score : 30.4
n_episode :700, score : 30.6
Completed batch 6 with loss 1.0752633810043335.
n_episode :720, score : 45.6
n_episode :740, score : 20.9
n_episode :760, score : 66.7
n_episode :780, score : 21.6
n_episode :800, score : 18.8
n_episode :820, score : 54.2
Completed batch 7 with loss 0.7902894020080566.
n_episode :840, score : -25.8
n_episode :860, score : 8.8
n_episode :880, score : 31.3
n_episode :900, score : 53.6
n_episode :920, score : 33.0
Completed batch 8 with loss 0.5184065699577332.
n_episode :940, score : 54.4
n_episode :960, score : 40.0
n_episode :980, score : 31.4
n_episode :1000, score : 42.5
n_episode :1020, score : 30.4
Completed batch 9 with loss 0.43172651529312134.
n_episode :1040, score : 42.1
n_episode :1060, score : -16.2
n_episode :1080, score : 41.6
n_episode :1100, score : 67.0
n_episode :1120, score : 53.8
Completed batch 10 with loss 0.5104488730430603.
n_episode :1140, score : -4.8
n_episode :1160, score : 55.5
n_episode :1180, score : 7.8
n_episode :1200, score : 54.2
n_episode :1220, score : 66.2
n_episode :1240, score : 54.0
Completed batch 11 with loss 0.45722657442092896.
n_episode :1260, score : 31.6
n_episode :1280, score : -3.3
n_episode :1300, score : 56.0
n_episode :1320, score : 17.2
n_episode :1340, score : 20.4
Completed batch 12 with loss 0.34098201990127563.
n_episode :1360, score : 77.8
n_episode :1380, score : 52.3
n_episode :1400, score : 19.4
n_episode :1420, score : -2.4
n_episode :1440, score : 76.8
Completed batch 13 with loss 0.292856901884079.
n_episode :1460, score : 43.3
n_episode :1480, score : 18.7
n_episode :1500, score : 7.3
n_episode :1520, score : 30.2
n_episode :1540, score : 42.3
n_episode :1560, score : 65.8
Completed batch 14 with loss 0.32230281829833984.
n_episode :1580, score : 41.6
n_episode :1600, score : 65.5
n_episode :1620, score : 7.8
n_episode :1640, score : -5.9
Completed batch 15 with loss 0.3468703031539917.
n_episode :1660, score : 18.4
n_episode :1680, score : -6.5
n_episode :1700, score : 43.0
n_episode :1720, score : 18.4
n_episode :1740, score : 55.8
n_episode :1760, score : 66.0
Completed batch 16 with loss 0.35327571630477905.
n_episode :1780, score : 43.6
n_episode :1800, score : 40.9
n_episode :1820, score : 27.8
n_episode :1840, score : 43.5
n_episode :1860, score : -3.0
Completed batch 17 with loss 0.3649761974811554.
n_episode :1880, score : 39.6
n_episode :1900, score : -17.1
n_episode :1920, score : 5.1
n_episode :1940, score : 53.9
Completed batch 18 with loss 0.283242791891098.
n_episode :1960, score : 42.2
n_episode :1980, score : 7.2
n_episode :2000, score : 29.6
n_episode :2020, score : 6.2
n_episode :2040, score : 41.3
Completed batch 19 with loss 0.2654631435871124.
n_episode :2060, score : -14.2
n_episode :2080, score : 30.8
n_episode :2100, score : 18.3
n_episode :2120, score : 43.1
n_episode :2140, score : 33.4
Completed batch 20 with loss 0.28796032071113586.
n_episode :2160, score : 18.0
n_episode :2180, score : 40.3
n_episode :2200, score : 78.2
n_episode :2220, score : 43.4
n_episode :2240, score : 36.0
Completed batch 21 with loss 0.2911115288734436.
n_episode :2260, score : 8.4
n_episode :2280, score : 52.3
n_episode :2300, score : 29.1
n_episode :2320, score : 53.2
n_episode :2340, score : 7.5
Completed batch 22 with loss 0.31432175636291504.
n_episode :2360, score : 54.4
n_episode :2380, score : 8.1
n_episode :2400, score : 54.0
n_episode :2420, score : 30.9
n_episode :2440, score : -5.8
n_episode :2460, score : 68.7
Completed batch 23 with loss 0.2510400116443634.
n_episode :2480, score : 29.1
n_episode :2500, score : 30.2
n_episode :2520, score : 47.2
n_episode :2540, score : 43.2
n_episode :2560, score : 44.2
Completed batch 24 with loss 0.2376009076833725.
n_episode :2580, score : 65.8
n_episode :2600, score : 53.8
n_episode :2620, score : 19.9
n_episode :2640, score : 36.1
n_episode :2660, score : 55.3
n_episode :2680, score : 30.4
Completed batch 25 with loss 0.26886019110679626.
n_episode :2700, score : -29.9
n_episode :2720, score : 43.0
n_episode :2740, score : 6.0
n_episode :2760, score : 34.7
n_episode :2780, score : 31.4
Completed batch 26 with loss 0.220820352435112.
n_episode :2800, score : -5.0
n_episode :2820, score : 42.1
n_episode :2840, score : 53.8
n_episode :2860, score : 29.7
n_episode :2880, score : 52.0
Completed batch 27 with loss 0.25711777806282043.
n_episode :2900, score : 17.6
n_episode :2920, score : 0.2
n_episode :2940, score : 29.8
n_episode :2960, score : 31.0
Completed batch 28 with loss 0.2607495188713074.
n_episode :2980, score : 31.1
n_episode :3000, score : 77.5
n_episode :3020, score : 29.4
n_episode :3040, score : 54.1
n_episode :3060, score : 30.8
n_episode :3080, score : 52.4
Completed batch 29 with loss 0.25077196955680847.
n_episode :3100, score : 31.6
n_episode :3120, score : -3.0
n_episode :3140, score : 67.5
n_episode :3160, score : 65.8
n_episode :3180, score : -6.0
n_episode :3200, score : 67.2
Completed batch 30 with loss 0.24653802812099457.
n_episode :3220, score : 55.8
n_episode :3240, score : 43.5
n_episode :3260, score : 29.9
n_episode :3280, score : 78.0
n_episode :3300, score : 44.0
Completed batch 31 with loss 0.2401294708251953.
n_episode :3320, score : 41.0
n_episode :3340, score : 42.1
n_episode :3360, score : 30.2
n_episode :3380, score : 91.3
n_episode :3400, score : 76.0
n_episode :3420, score : 30.1
Completed batch 32 with loss 0.2307695597410202.
n_episode :3440, score : 42.0
n_episode :3460, score : 17.1
n_episode :3480, score : 33.9
n_episode :3500, score : 28.9
n_episode :3520, score : 46.0
Completed batch 33 with loss 0.22043941915035248.
n_episode :3540, score : 18.2
n_episode :3560, score : 30.6
n_episode :3580, score : 45.0
n_episode :3600, score : 29.4
n_episode :3620, score : 18.1
Completed batch 34 with loss 0.21248292922973633.
n_episode :3640, score : 28.4
n_episode :3660, score : 28.6
n_episode :3680, score : 66.3
n_episode :3700, score : 42.0
n_episode :3720, score : 42.0
n_episode :3740, score : 88.4
Completed batch 35 with loss 0.23353509604930878.
n_episode :3760, score : 41.6
n_episode :3780, score : 19.8
n_episode :3800, score : 42.9
n_episode :3820, score : 5.5
n_episode :3840, score : 42.7
Completed batch 36 with loss 0.18431684374809265.
n_episode :3860, score : 19.4
n_episode :3880, score : 67.1
n_episode :3900, score : 18.9
n_episode :3920, score : -14.2
n_episode :3940, score : 17.3
Completed batch 37 with loss 0.20077797770500183.
n_episode :3960, score : 68.8
n_episode :3980, score : 6.5
n_episode :4000, score : 42.7
n_episode :4020, score : 54.4
n_episode :4040, score : 17.5
Completed batch 38 with loss 0.22176440060138702.
n_episode :4060, score : 31.3
n_episode :4080, score : 77.4
n_episode :4100, score : 28.4
n_episode :4120, score : 19.6
n_episode :4140, score : 42.8
n_episode :4160, score : 40.0
Completed batch 39 with loss 0.19821356236934662.
n_episode :4180, score : 30.4
n_episode :4200, score : -15.6
n_episode :4220, score : 44.4
n_episode :4240, score : 44.0
Completed batch 40 with loss 0.17037945985794067.
n_episode :4260, score : -4.5
n_episode :4280, score : 80.0
n_episode :4300, score : 43.0
n_episode :4320, score : 54.9
n_episode :4340, score : 35.0
n_episode :4360, score : 45.5
n_episode :4380, score : 44.0
Completed batch 41 with loss 0.20778624713420868.
n_episode :4400, score : 6.5
n_episode :4420, score : 77.5
n_episode :4440, score : 30.3
n_episode :4460, score : 45.0
n_episode :4480, score : 6.0
Completed batch 42 with loss 0.19402463734149933.
n_episode :4500, score : 66.0
n_episode :4520, score : -13.6
n_episode :4540, score : 42.4
n_episode :4560, score : 67.9
n_episode :4580, score : 29.9
Completed batch 43 with loss 0.20805412530899048.
n_episode :4600, score : -6.5
n_episode :4620, score : 56.5
n_episode :4640, score : 55.6
n_episode :4660, score : -12.9
n_episode :4680, score : 41.5
n_episode :4700, score : 53.5
Completed batch 44 with loss 0.18857434391975403.
n_episode :4720, score : 29.7
n_episode :4740, score : -18.1
n_episode :4760, score : 32.5
n_episode :4780, score : 8.2
Completed batch 45 with loss 0.17094102501869202.
n_episode :4800, score : 18.6
n_episode :4820, score : 65.4
n_episode :4840, score : 44.3
n_episode :4860, score : 41.8
n_episode :4880, score : 55.8
n_episode :4900, score : 54.4
Completed batch 46 with loss 0.1800023317337036.
n_episode :4920, score : 31.9
n_episode :4940, score : 41.0
n_episode :4960, score : 20.5
n_episode :4980, score : 43.9
n_episode :5000, score : 29.4
Completed batch 47 with loss 0.17535369098186493.
n_episode :5020, score : 52.6
n_episode :5040, score : 43.4
n_episode :5060, score : 10.1
n_episode :5080, score : 19.6
n_episode :5100, score : 7.3
Completed batch 48 with loss 0.15536732971668243.
n_episode :5120, score : 17.1
n_episode :5140, score : 28.6
n_episode :5160, score : 29.6
n_episode :5180, score : 54.4
n_episode :5200, score : 41.9
Completed batch 49 with loss 0.17442850768566132.
n_episode :5220, score : 7.0
n_episode :5240, score : 54.1
n_episode :5260, score : 20.7
n_episode :5280, score : 45.8
n_episode :5300, score : 22.9
n_episode :5320, score : 39.1
Completed batch 50 with loss 0.16710689663887024.
n_episode :5340, score : 32.9
n_episode :5360, score : 19.9
n_episode :5380, score : 67.0
n_episode :5400, score : -6.7
Completed batch 51 with loss 0.15024669468402863.
n_episode :5420, score : 18.5
n_episode :5440, score : 5.6
n_episode :5460, score : 52.2
n_episode :5480, score : 56.9
n_episode :5500, score : -6.4
Completed batch 52 with loss 0.14442095160484314.
n_episode :5520, score : 9.6
n_episode :5540, score : 54.1
n_episode :5560, score : 46.8
n_episode :5580, score : 44.5
n_episode :5600, score : 54.3
n_episode :5620, score : 42.1
Completed batch 53 with loss 0.166377454996109.
n_episode :5640, score : 55.0
n_episode :5660, score : 9.0
n_episode :5680, score : 7.5
n_episode :5700, score : 66.5
n_episode :5720, score : 39.4
n_episode :5740, score : 67.4
Completed batch 54 with loss 0.18908259272575378.
n_episode :5760, score : 42.8
n_episode :5780, score : 44.6
n_episode :5800, score : 29.6
n_episode :5820, score : 16.8
n_episode :5840, score : 55.5
Completed batch 55 with loss 0.16235297918319702.
n_episode :5860, score : 55.5
n_episode :5880, score : 30.8
n_episode :5900, score : 18.4
n_episode :5920, score : 44.1
n_episode :5940, score : 29.0
Completed batch 56 with loss 0.15291011333465576.
n_episode :5960, score : 20.4
n_episode :5980, score : 65.2
n_episode :6000, score : 58.3
n_episode :6020, score : 66.8
n_episode :6040, score : 65.0
n_episode :6060, score : 18.2
Completed batch 57 with loss 0.1689727008342743.
n_episode :6080, score : 17.9
n_episode :6100, score : 64.2
n_episode :6120, score : -29.1
n_episode :6140, score : 43.2
n_episode :6160, score : 43.0
Completed batch 58 with loss 0.18484988808631897.
n_episode :6180, score : 44.1
n_episode :6200, score : -6.2
n_episode :6220, score : 41.0
n_episode :6240, score : 54.6
n_episode :6260, score : 7.0
Completed batch 59 with loss 0.15933167934417725.
n_episode :6280, score : 42.1
n_episode :6300, score : 32.6
n_episode :6320, score : 16.7
n_episode :6340, score : 46.5
n_episode :6360, score : 19.4
Completed batch 60 with loss 0.16548757255077362.
n_episode :6380, score : 19.4
n_episode :6400, score : 4.8
n_episode :6420, score : 29.4
n_episode :6440, score : 5.3
n_episode :6460, score : 19.4
Completed batch 61 with loss 0.15229344367980957.
n_episode :6480, score : 42.4
n_episode :6500, score : 6.5
n_episode :6520, score : 53.9
n_episode :6540, score : 41.0
Completed batch 62 with loss 0.15015721321105957.
n_episode :6560, score : 6.7
n_episode :6580, score : 18.8
n_episode :6600, score : 43.3
n_episode :6620, score : 54.2
n_episode :6640, score : 6.7
Completed batch 63 with loss 0.1426635980606079.
n_episode :6660, score : 29.1
n_episode :6680, score : 9.6
n_episode :6700, score : 20.4
n_episode :6720, score : -6.5
n_episode :6740, score : 29.6
Completed batch 64 with loss 0.1412581503391266.
n_episode :6760, score : 55.1
n_episode :6780, score : 34.4
n_episode :6800, score : 78.8
n_episode :6820, score : 18.1
n_episode :6840, score : 67.4
n_episode :6860, score : -29.1
Completed batch 65 with loss 0.14150017499923706.
n_episode :6880, score : 30.9
n_episode :6900, score : 65.6
n_episode :6920, score : 6.5
n_episode :6940, score : 67.0
n_episode :6960, score : 6.8
Completed batch 66 with loss 0.14298489689826965.
n_episode :6980, score : 30.6
n_episode :7000, score : 16.9
n_episode :7020, score : 33.5
n_episode :7040, score : 76.7
n_episode :7060, score : 21.4
Completed batch 67 with loss 0.12792617082595825.
n_episode :7080, score : -15.9
n_episode :7100, score : -6.0
n_episode :7120, score : 18.7
n_episode :7140, score : 54.8
n_episode :7160, score : 29.4
Completed batch 68 with loss 0.11281449347734451.
n_episode :7180, score : 53.9
n_episode :7200, score : 52.2
n_episode :7220, score : -28.7
n_episode :7240, score : 54.7
n_episode :7260, score : 31.4
Completed batch 69 with loss 0.14896298944950104.
n_episode :7280, score : 17.3
n_episode :7300, score : 31.9
n_episode :7320, score : 65.2
n_episode :7340, score : 42.5
n_episode :7360, score : 19.9
Completed batch 70 with loss 0.1267232745885849.
n_episode :7380, score : 68.3
n_episode :7400, score : 56.0
n_episode :7420, score : 30.4
n_episode :7440, score : 31.1
n_episode :7460, score : 44.9
n_episode :7480, score : 29.9
Completed batch 71 with loss 0.14613936841487885.
n_episode :7500, score : 52.5
n_episode :7520, score : 17.4
n_episode :7540, score : 30.2
n_episode :7560, score : 77.2
n_episode :7580, score : 17.1
Completed batch 72 with loss 0.14239546656608582.
n_episode :7600, score : 43.1
n_episode :7620, score : 31.5
n_episode :7640, score : 64.0
n_episode :7660, score : 76.8
n_episode :7680, score : 41.3
n_episode :7700, score : 65.7
Completed batch 73 with loss 0.13879956305027008.
n_episode :7720, score : 8.5
n_episode :7740, score : 34.4
n_episode :7760, score : 6.3
n_episode :7780, score : -15.2
Completed batch 74 with loss 0.11668979376554489.
n_episode :7800, score : 53.0
n_episode :7820, score : 78.5
n_episode :7840, score : 0.5
n_episode :7860, score : 19.9
n_episode :7880, score : 8.2
Completed batch 75 with loss 0.12570707499980927.
n_episode :7900, score : 16.0
n_episode :7920, score : 6.0
n_episode :7940, score : 41.0
n_episode :7960, score : -3.8
n_episode :7980, score : 30.6
Completed batch 76 with loss 0.11917851120233536.
n_episode :8000, score : 31.5
n_episode :8020, score : 30.6
n_episode :8040, score : -17.1
n_episode :8060, score : 43.0
n_episode :8080, score : 17.4
Completed batch 77 with loss 0.11665835231542587.
n_episode :8100, score : 31.5
n_episode :8120, score : 42.0
n_episode :8140, score : -15.6
n_episode :8160, score : -1.7
n_episode :8180, score : 67.3
Completed batch 78 with loss 0.12405465543270111.
n_episode :8200, score : 4.5
n_episode :8220, score : 33.3
n_episode :8240, score : 6.6
n_episode :8260, score : 18.1
Completed batch 79 with loss 0.11004731804132462.
n_episode :8280, score : 7.6
n_episode :8300, score : 19.4
n_episode :8320, score : 5.5
n_episode :8340, score : 52.4
n_episode :8360, score : 42.5
Completed batch 80 with loss 0.12521247565746307.
n_episode :8380, score : 19.1
n_episode :8400, score : 33.5
n_episode :8420, score : -7.7
n_episode :8440, score : 43.2
n_episode :8460, score : 42.0
Completed batch 81 with loss 0.12075725197792053.
n_episode :8480, score : 18.7
n_episode :8500, score : 17.4
n_episode :8520, score : 54.0
n_episode :8540, score : 42.2
n_episode :8560, score : 54.9
Completed batch 82 with loss 0.12470544874668121.
n_episode :8580, score : 30.9
n_episode :8600, score : 21.8
n_episode :8620, score : 17.3
n_episode :8640, score : 66.6
n_episode :8660, score : 6.0
Completed batch 83 with loss 0.12298186868429184.
n_episode :8680, score : 31.4
n_episode :8700, score : 28.9
n_episode :8720, score : 32.1
n_episode :8740, score : 6.2
n_episode :8760, score : 20.5
Completed batch 84 with loss 0.11243438720703125.
n_episode :8780, score : -6.5
n_episode :8800, score : 43.8
n_episode :8820, score : 17.8
n_episode :8840, score : 33.5
n_episode :8860, score : 54.9
Completed batch 85 with loss 0.14139731228351593.
n_episode :8880, score : 55.6
n_episode :8900, score : 41.6
n_episode :8920, score : 7.3
n_episode :8940, score : 30.0
n_episode :8960, score : -6.5
Completed batch 86 with loss 0.11890169233083725.
n_episode :8980, score : 18.4
n_episode :9000, score : 29.1
n_episode :9020, score : 19.5
n_episode :9040, score : 29.0
n_episode :9060, score : 35.8
Completed batch 87 with loss 0.11136984825134277.
n_episode :9080, score : 67.0
n_episode :9100, score : 31.8
n_episode :9120, score : 30.4
n_episode :9140, score : 53.8
n_episode :9160, score : 43.6
Completed batch 88 with loss 0.13231495022773743.
n_episode :9180, score : -2.8
n_episode :9200, score : 54.0
n_episode :9220, score : 40.4
n_episode :9240, score : 58.1
n_episode :9260, score : 54.3
n_episode :9280, score : 6.8
Completed batch 89 with loss 0.11841509491205215.
n_episode :9300, score : 66.3
n_episode :9320, score : 18.1
n_episode :9340, score : 20.9
n_episode :9360, score : 55.4
n_episode :9380, score : -5.6
Completed batch 90 with loss 0.10616904497146606.
n_episode :9400, score : 44.6
n_episode :9420, score : 52.0
n_episode :9440, score : 41.8
n_episode :9460, score : 31.1
n_episode :9480, score : 7.2
Completed batch 91 with loss 0.11535682529211044.
n_episode :9500, score : 42.0
n_episode :9520, score : 17.6
n_episode :9540, score : 42.2
n_episode :9560, score : 19.3
n_episode :9580, score : 20.9
Completed batch 92 with loss 0.11130634695291519.
n_episode :9600, score : 33.6
n_episode :9620, score : 28.9
n_episode :9640, score : 31.2
n_episode :9660, score : 18.9
n_episode :9680, score : 45.5
Completed batch 93 with loss 0.12035589665174484.
n_episode :9700, score : 19.8
n_episode :9720, score : 30.1
n_episode :9740, score : 41.5
n_episode :9760, score : 53.8
n_episode :9780, score : 20.4
n_episode :9800, score : 43.2
Completed batch 94 with loss 0.1267906278371811.
n_episode :9820, score : 36.0
n_episode :9840, score : 21.7
n_episode :9860, score : 55.0
n_episode :9880, score : 30.1
n_episode :9900, score : 52.5
Completed batch 95 with loss 0.1182699203491211.
n_episode :9920, score : 40.5
n_episode :9940, score : 53.7
n_episode :9960, score : -30.2
n_episode :9980, score : 55.6
n_episode :10000, score : 53.4
Completed batch 96 with loss 0.10824324190616608.
n_episode :10020, score : 53.8
n_episode :10040, score : 30.5
n_episode :10060, score : 6.7
n_episode :10080, score : 31.2
n_episode :10100, score : 52.9
n_episode :10120, score : 43.0
Completed batch 97 with loss 0.12396366894245148.
n_episode :10140, score : 21.9
n_episode :10160, score : 29.8
n_episode :10180, score : 53.6
n_episode :10200, score : 30.1
n_episode :10220, score : 66.5
Completed batch 98 with loss 0.10843700170516968.
n_episode :10240, score : 18.8
n_episode :10260, score : 20.6
n_episode :10280, score : 41.6
n_episode :10300, score : 30.4
n_episode :10320, score : 54.8
Completed batch 99 with loss 0.10016608983278275.
n_episode :10340, score : 19.1
n_episode :10360, score : 53.6
n_episode :10380, score : 34.0
n_episode :10400, score : 28.9
n_episode :10420, score : 40.7
Completed batch 100 with loss 0.11677265167236328.
n_episode :10440, score : 43.3
n_episode :10460, score : 29.9
n_episode :10480, score : 65.0
n_episode :10500, score : 6.7
n_episode :10520, score : 42.8
n_episode :10540, score : 30.9
Completed batch 101 with loss 0.12774506211280823.
n_episode :10560, score : 53.5
n_episode :10580, score : -4.9
n_episode :10600, score : 54.5
n_episode :10620, score : 17.6
n_episode :10640, score : 31.3
Completed batch 102 with loss 0.10695410519838333.
n_episode :10660, score : 41.0
n_episode :10680, score : 19.5
n_episode :10700, score : 29.8
n_episode :10720, score : 17.3
n_episode :10740, score : 80.2
Completed batch 103 with loss 0.1057794913649559.
n_episode :10760, score : 9.7
n_episode :10780, score : 20.2
n_episode :10800, score : 54.1
n_episode :10820, score : 55.4
n_episode :10840, score : 19.2
Completed batch 104 with loss 0.11394132673740387.
n_episode :10860, score : 33.0
n_episode :10880, score : -18.1
n_episode :10900, score : 77.4
n_episode :10920, score : -6.8
n_episode :10940, score : 18.4
Completed batch 105 with loss 0.10396157950162888.
n_episode :10960, score : 66.8
n_episode :10980, score : 8.4
n_episode :11000, score : 18.6
n_episode :11020, score : 42.2
n_episode :11040, score : 8.3
Completed batch 106 with loss 0.11558349430561066.
n_episode :11060, score : -5.0
n_episode :11080, score : 32.0
n_episode :11100, score : 42.5
n_episode :11120, score : 41.1
n_episode :11140, score : 41.8
Completed batch 107 with loss 0.10608912259340286.
n_episode :11160, score : 55.1
n_episode :11180, score : -5.8
n_episode :11200, score : 6.0
n_episode :11220, score : 66.0
n_episode :11240, score : 66.1
Completed batch 108 with loss 0.09902361035346985.
n_episode :11260, score : -18.9
n_episode :11280, score : 41.4
n_episode :11300, score : 41.0
n_episode :11320, score : 41.7
Completed batch 109 with loss 0.1095019280910492.
n_episode :11340, score : 17.0
n_episode :11360, score : 42.0
n_episode :11380, score : 29.3
n_episode :11400, score : 58.8
n_episode :11420, score : -5.1
n_episode :11440, score : 54.0
Completed batch 110 with loss 0.11882766336202621.
n_episode :11460, score : 55.6
n_episode :11480, score : 53.0
n_episode :11500, score : 42.9
n_episode :11520, score : 41.7
n_episode :11540, score : 29.3
Completed batch 111 with loss 0.1067233607172966.
n_episode :11560, score : 17.8
n_episode :11580, score : 5.7
n_episode :11600, score : 40.5
n_episode :11620, score : 44.3
n_episode :11640, score : 30.0
Completed batch 112 with loss 0.09751001000404358.
n_episode :11660, score : 66.2
n_episode :11680, score : 30.3
n_episode :11700, score : 33.5
n_episode :11720, score : 53.8
n_episode :11740, score : 53.9
n_episode :11760, score : 41.9
Completed batch 113 with loss 0.10818018019199371.
n_episode :11780, score : -5.2
n_episode :11800, score : 17.1
n_episode :11820, score : 41.5
n_episode :11840, score : 17.2
Completed batch 114 with loss 0.10073041915893555.
n_episode :11860, score : 53.7
n_episode :11880, score : 18.2
n_episode :11900, score : 29.9
n_episode :11920, score : 44.2
n_episode :11940, score : 19.2
Completed batch 115 with loss 0.09662997722625732.
n_episode :11960, score : 19.9
n_episode :11980, score : 54.8
n_episode :12000, score : 31.7
n_episode :12020, score : 54.6
n_episode :12040, score : 29.8
n_episode :12060, score : 53.1
Completed batch 116 with loss 0.10383252054452896.
n_episode :12080, score : 29.9
n_episode :12100, score : 54.2
n_episode :12120, score : 39.9
n_episode :12140, score : 8.0
n_episode :12160, score : 41.9
Completed batch 117 with loss 0.09776515513658524.
n_episode :12180, score : 66.0
n_episode :12200, score : 28.6
n_episode :12220, score : 44.5
n_episode :12240, score : 18.4
n_episode :12260, score : 6.2
Completed batch 118 with loss 0.10181453824043274.
n_episode :12280, score : 19.6
n_episode :12300, score : -2.9
n_episode :12320, score : 40.5
n_episode :12340, score : 56.6
n_episode :12360, score : 31.9
Completed batch 119 with loss 0.09109672158956528.
/u/cduplessie/.conda/envs/gymrl/lib/python3.8/site-packages/gym/utils/passive_env_checker.py:165: UserWarning: [33mWARN: The obs returned by the `reset()` method is not within the observation space.[0m
  logger.warn(f"{pre} is not within the observation space.")
/u/cduplessie/.conda/envs/gymrl/lib/python3.8/site-packages/gym/utils/passive_env_checker.py:233: DeprecationWarning: `np.bool8` is a deprecated alias for `np.bool_`.  (Deprecated NumPy 1.24)
  if not isinstance(terminated, (bool, np.bool8)):
/u/cduplessie/.conda/envs/gymrl/lib/python3.8/site-packages/gym/utils/passive_env_checker.py:165: UserWarning: [33mWARN: The obs returned by the `step()` method is not within the observation space.[0m
  logger.warn(f"{pre} is not within the observation space.")
n_episode :12380, score : 42.0
n_episode :12400, score : 19.5
n_episode :12420, score : 42.0
n_episode :12440, score : 54.4
n_episode :12460, score : 30.0
n_episode :12480, score : 42.0
Completed batch 120 with loss 0.11399669945240021.
n_episode :12500, score : 67.3
n_episode :12520, score : 21.1
n_episode :12540, score : 42.0
n_episode :12560, score : 42.8
n_episode :12580, score : 46.1
Completed batch 121 with loss 0.12153893709182739.
n_episode :12600, score : 41.1
n_episode :12620, score : 54.6
n_episode :12640, score : 67.1
n_episode :12660, score : 29.9
n_episode :12680, score : 17.6
n_episode :12700, score : 53.5
Completed batch 122 with loss 0.11289884150028229.
n_episode :12720, score : 78.4
n_episode :12740, score : 6.2
n_episode :12760, score : 40.1
n_episode :12780, score : 42.8
n_episode :12800, score : 19.6
Completed batch 123 with loss 0.10322222113609314.
n_episode :12820, score : 6.2
n_episode :12840, score : 79.8
n_episode :12860, score : 43.9
n_episode :12880, score : 40.9
n_episode :12900, score : 19.3
n_episode :12920, score : 42.5
Completed batch 124 with loss 0.09502938389778137.
n_episode :12940, score : 29.2
n_episode :12960, score : 29.1
n_episode :12980, score : 5.3
n_episode :13000, score : 22.3
n_episode :13020, score : 88.8
Completed batch 125 with loss 0.09297650307416916.
n_episode :13040, score : 53.8
n_episode :13060, score : 53.8
n_episode :13080, score : 64.3
n_episode :13100, score : 42.5
n_episode :13120, score : 68.2
Completed batch 126 with loss 0.10268531739711761.
n_episode :13140, score : -6.1
n_episode :13160, score : 30.9
n_episode :13180, score : 29.4
n_episode :13200, score : 54.7
n_episode :13220, score : 76.3
n_episode :13240, score : 52.9
Completed batch 127 with loss 0.12019039690494537.
n_episode :13260, score : 8.8
n_episode :13280, score : 30.2
n_episode :13300, score : 29.1
n_episode :13320, score : 29.9
Completed batch 128 with loss 0.0868341475725174.
n_episode :13340, score : -17.4
n_episode :13360, score : 30.1
n_episode :13380, score : 41.6
n_episode :13400, score : 31.1
n_episode :13420, score : 30.0
Completed batch 129 with loss 0.09456238150596619.
n_episode :13440, score : 18.1
n_episode :13460, score : 17.8
n_episode :13480, score : 33.0
n_episode :13500, score : 6.5
n_episode :13520, score : 66.7
Completed batch 130 with loss 0.09326209872961044.
n_episode :13540, score : -3.4
n_episode :13560, score : 65.2
n_episode :13580, score : 17.7
n_episode :13600, score : 53.7
n_episode :13620, score : 46.1
n_episode :13640, score : 79.1
Completed batch 131 with loss 0.09849429130554199.
n_episode :13660, score : 20.6
n_episode :13680, score : -1.1
n_episode :13700, score : 30.1
n_episode :13720, score : 54.4
n_episode :13740, score : 30.8
Completed batch 132 with loss 0.0966397151350975.
n_episode :13760, score : 77.2
n_episode :13780, score : 54.4
n_episode :13800, score : 32.2
n_episode :13820, score : 6.2
n_episode :13840, score : 33.9
n_episode :13860, score : 41.4
Completed batch 133 with loss 0.09421606361865997.
n_episode :13880, score : 65.4
n_episode :13900, score : 54.2
n_episode :13920, score : 43.0
n_episode :13940, score : 66.3
n_episode :13960, score : 30.2
n_episode :13980, score : 40.8
Completed batch 134 with loss 0.10890007019042969.
n_episode :14000, score : 42.0
n_episode :14020, score : 33.4
n_episode :14040, score : 41.4
n_episode :14060, score : 40.6
n_episode :14080, score : 6.7
Completed batch 135 with loss 0.09849567711353302.
n_episode :14100, score : 54.4
n_episode :14120, score : 19.9
n_episode :14140, score : -18.1
n_episode :14160, score : 66.7
Completed batch 136 with loss 0.0999845638871193.
n_episode :14180, score : 15.4
n_episode :14200, score : 66.8
n_episode :14220, score : 31.5
n_episode :14240, score : 54.5
n_episode :14260, score : 18.4
n_episode :14280, score : 6.2
Completed batch 137 with loss 0.09076803177595139.
n_episode :14300, score : -0.6
n_episode :14320, score : 6.4
n_episode :14340, score : 40.4
n_episode :14360, score : 17.6
Completed batch 138 with loss 0.0775218978524208.
n_episode :14380, score : 6.2
n_episode :14400, score : 19.1
n_episode :14420, score : 22.6
n_episode :14440, score : 31.5
n_episode :14460, score : 44.1
Completed batch 139 with loss 0.08782921731472015.
n_episode :14480, score : 29.7
n_episode :14500, score : 31.1
n_episode :14520, score : 78.8
n_episode :14540, score : 65.0
n_episode :14560, score : 31.8
n_episode :14580, score : 5.8
Completed batch 140 with loss 0.10485706478357315.
n_episode :14600, score : 64.3
n_episode :14620, score : 55.0
n_episode :14640, score : 7.1
n_episode :14660, score : 28.2
n_episode :14680, score : 33.4
Completed batch 141 with loss 0.0852465108036995.
n_episode :14700, score : 33.2
n_episode :14720, score : 44.5
n_episode :14740, score : -26.6
n_episode :14760, score : 56.9
n_episode :14780, score : 53.6
n_episode :14800, score : 33.2
Completed batch 142 with loss 0.09240250289440155.
n_episode :14820, score : 52.7
n_episode :14840, score : 18.8
n_episode :14860, score : 46.3
n_episode :14880, score : 29.4
n_episode :14900, score : 20.2
Completed batch 143 with loss 0.09322866052389145.
n_episode :14920, score : 20.1
n_episode :14940, score : 55.9
n_episode :14960, score : 41.2
n_episode :14980, score : 19.1
Traceback (most recent call last):
  File "train_autoencoder.py", line 102, in <module>
    main()
  File "train_autoencoder.py", line 72, in main
    autoencoder.resample(gen_all_board_state_tensors(), preprocessing=q.get_activations, verbose=True)
  File "/u/cduplessie/Simple-Chess-RL-SAE/autoencoder.py", line 70, in resample
    out = self.out_layer(self.relu(self.in_layer(with_bias)))
  File "/u/cduplessie/.conda/envs/gymrl/lib/python3.8/site-packages/torch/nn/modules/module.py", line 1532, in _wrapped_call_impl
    return self._call_impl(*args, **kwargs)
  File "/u/cduplessie/.conda/envs/gymrl/lib/python3.8/site-packages/torch/nn/modules/module.py", line 1541, in _call_impl
    return forward_call(*args, **kwargs)
  File "/u/cduplessie/.conda/envs/gymrl/lib/python3.8/site-packages/torch/nn/modules/linear.py", line 116, in forward
    return F.linear(input, self.weight, self.bias)
  File "/u/cduplessie/.conda/envs/gymrl/lib/python3.8/site-packages/torch/nn/utils/parametrize.py", line 368, in get_parametrized
    return parametrization()
  File "/u/cduplessie/.conda/envs/gymrl/lib/python3.8/site-packages/torch/nn/modules/module.py", line 1532, in _wrapped_call_impl
    return self._call_impl(*args, **kwargs)
  File "/u/cduplessie/.conda/envs/gymrl/lib/python3.8/site-packages/torch/nn/modules/module.py", line 1541, in _call_impl
    return forward_call(*args, **kwargs)
  File "/u/cduplessie/.conda/envs/gymrl/lib/python3.8/site-packages/torch/nn/utils/parametrize.py", line 268, in forward
    x = self[0](*originals)
  File "/u/cduplessie/.conda/envs/gymrl/lib/python3.8/site-packages/torch/nn/modules/module.py", line 1532, in _wrapped_call_impl
    return self._call_impl(*args, **kwargs)
  File "/u/cduplessie/.conda/envs/gymrl/lib/python3.8/site-packages/torch/nn/modules/module.py", line 1541, in _call_impl
    return forward_call(*args, **kwargs)
  File "/u/cduplessie/.conda/envs/gymrl/lib/python3.8/site-packages/torch/nn/utils/parametrizations.py", line 300, in forward
    return torch._weight_norm(weight_v, weight_g, self.dim)
torch.cuda.OutOfMemoryError: CUDA out of memory. Tried to allocate 20.00 MiB. GPU 
srun: error: gpua053: task 0: Exited with exit code 1
